<?xml version="1.0" encoding="UTF-8"?>
<testsuite xmlns:xsi="http://www.w3.org/2001/XMLSchema-instance" xsi:noNamespaceSchemaLocation="https://maven.apache.org/surefire/maven-surefire-plugin/xsd/surefire-test-report-3.0.xsd" version="3.0" name="com.bookmanager.bookmanager.BookmanagerApplicationTests" time="4.537" tests="1" errors="0" skipped="0" failures="0">
  <properties>
[...]
</properties>
  <testcase name="contextLoads" classname="com.bookmanager.bookmanager.BookmanagerApplicationTests" time="0.005">
    <system-out><![CDATA[20:30:17.428 [main] INFO org.springframework.test.context.support.AnnotationConfigContextLoaderUtils -- Could not detect default configuration classes for test class [com.bookmanager.bookmanager.BookmanagerApplicationTests]: BookmanagerApplicationTests does not declare any static, non-private, non-final, nested classes annotated with @Configuration.
20:30:17.474 [main] INFO org.springframework.boot.test.context.SpringBootTestContextBootstrapper -- Found @SpringBootConfiguration com.bookmanager.bookmanager.BookmanagerApplication for test class com.bookmanager.bookmanager.BookmanagerApplicationTests
 ███████████     ███████       ███████    █████   ████    ██████   ██████   █████████   ██████   █████   █████████     █████████  ██████████ ███████████
░░███░░░░░███  ███░░░░░███   ███░░░░░███ ░░███   ███░    ░░██████ ██████   ███░░░░░███ ░░██████ ░░███   ███░░░░░███   ███░░░░░███░░███░░░░░█░░███░░░░░███
 ░███    ░███ ███     ░░███ ███     ░░███ ░███  ███       ░███░█████░███  ░███    ░███  ░███░███ ░███  ░███    ░███  ███     ░░░  ░███  █ ░  ░███    ░███
 ░██████████ ░███      ░███░███      ░███ ░███████        ░███░░███ ░███  ░███████████  ░███░░███░███  ░███████████ ░███          ░██████    ░██████████
 ░███░░░░░███░███      ░███░███      ░███ ░███░░███       ░███ ░░░  ░███  ░███░░░░░███  ░███ ░░██████  ░███░░░░░███ ░███    █████ ░███░░█    ░███░░░░░███
 ░███    ░███░░███     ███ ░░███     ███  ░███ ░░███      ░███      ░███  ░███    ░███  ░███  ░░█████  ░███    ░███ ░░███  ░░███  ░███ ░   █ ░███    ░███
 ███████████  ░░░███████░   ░░░███████░   █████ ░░████    █████     █████ █████   █████ █████  ░░█████ █████   █████ ░░█████████  ██████████ █████   █████
░░░░░░░░░░░     ░░░░░░░       ░░░░░░░    ░░░░░   ░░░░    ░░░░░     ░░░░░ ░░░░░   ░░░░░ ░░░░░    ░░░░░ ░░░░░   ░░░░░   ░░░░░░░░░  ░░░░░░░░░░ ░░░░░   ░░░░░




2024-08-19T20:30:17.654-03:00  INFO 121614 --- [bookmanager] [           main] c.b.b.BookmanagerApplicationTests        : Starting BookmanagerApplicationTests using Java 21.0.4 with PID 121614 (started by gustavo in /home/gustavo/Downloads/book-manager-api)
2024-08-19T20:30:17.656-03:00  INFO 121614 --- [bookmanager] [           main] c.b.b.BookmanagerApplicationTests        : The following 1 profile is active: "test"
2024-08-19T20:30:18.434-03:00  INFO 121614 --- [bookmanager] [           main] .s.d.r.c.RepositoryConfigurationDelegate : Bootstrapping Spring Data JPA repositories in DEFAULT mode.
2024-08-19T20:30:18.467-03:00  INFO 121614 --- [bookmanager] [           main] .s.d.r.c.RepositoryConfigurationDelegate : Finished Spring Data repository scanning in 28 ms. Found 3 JPA repository interfaces.
2024-08-19T20:30:18.907-03:00  INFO 121614 --- [bookmanager] [           main] com.zaxxer.hikari.HikariDataSource       : HikariPool-1 - Starting...
2024-08-19T20:30:19.013-03:00  INFO 121614 --- [bookmanager] [           main] com.zaxxer.hikari.pool.HikariPool        : HikariPool-1 - Added connection conn0: url=jdbc:h2:mem:testdb user=SA
2024-08-19T20:30:19.014-03:00  INFO 121614 --- [bookmanager] [           main] com.zaxxer.hikari.HikariDataSource       : HikariPool-1 - Start completed.
2024-08-19T20:30:19.039-03:00  INFO 121614 --- [bookmanager] [           main] o.hibernate.jpa.internal.util.LogHelper  : HHH000204: Processing PersistenceUnitInfo [name: default]
2024-08-19T20:30:19.066-03:00  INFO 121614 --- [bookmanager] [           main] org.hibernate.Version                    : HHH000412: Hibernate ORM core version 6.5.2.Final
2024-08-19T20:30:19.090-03:00  INFO 121614 --- [bookmanager] [           main] o.h.c.internal.RegionFactoryInitiator    : HHH000026: Second-level cache disabled
2024-08-19T20:30:19.142-03:00  INFO 121614 --- [bookmanager] [           main] o.s.o.j.p.SpringPersistenceUnitInfo      : No LoadTimeWeaver setup: ignoring JPA class transformer
2024-08-19T20:30:19.598-03:00  INFO 121614 --- [bookmanager] [           main] o.h.e.t.j.p.i.JtaPlatformInitiator       : HHH000489: No JTA platform available (set 'hibernate.transaction.jta.platform' to enable JTA platform integration)
2024-08-19T20:30:19.638-03:00  INFO 121614 --- [bookmanager] [           main] j.LocalContainerEntityManagerFactoryBean : Initialized JPA EntityManagerFactory for persistence unit 'default'
2024-08-19T20:30:19.829-03:00  INFO 121614 --- [bookmanager] [           main] o.s.d.j.r.query.QueryEnhancerFactory     : Hibernate is in classpath; If applicable, HQL parser will be used.
2024-08-19T20:30:20.374-03:00  INFO 121614 --- [bookmanager] [           main] r$InitializeUserDetailsManagerConfigurer : Global AuthenticationManager configured with UserDetailsService bean with name userService
2024-08-19T20:30:21.338-03:00  INFO 121614 --- [bookmanager] [           main] o.s.b.a.e.web.EndpointLinksResolver      : Exposing 14 endpoints beneath base path '/actuator'
2024-08-19T20:30:21.811-03:00  INFO 121614 --- [bookmanager] [           main] o.s.b.a.h2.H2ConsoleAutoConfiguration    : H2 console available at '/h2-console'. Database available at 'jdbc:h2:mem:testdb'
2024-08-19T20:30:21.884-03:00  INFO 121614 --- [bookmanager] [           main] c.b.b.BookmanagerApplicationTests        : Started BookmanagerApplicationTests in 4.356 seconds (process running for 5.713)
]]></system-out>
  </testcase>
</testsuite>